[NX Daemon Server] - 2024-04-15T22:14:40.213Z - Started listening on: \\.\pipe\nx\C:\Users\kcraw\AppData\Local\Temp\720390a7da143bf3dd42\d.sock
[NX Daemon Server] - 2024-04-15T22:14:40.216Z - [WATCHER]: Subscribed to changes within: E:\Documents\GitHub\rosecolinlarry.github.io (native)
[NX Daemon Server] - 2024-04-15T22:14:40.228Z - Established a connection. Number of open connections: 1
[NX Daemon Server] - 2024-04-15T22:14:40.231Z - Closed a connection. Number of open connections: 0
[NX Daemon Server] - 2024-04-15T22:14:40.231Z - Established a connection. Number of open connections: 1
[NX Daemon Server] - 2024-04-15T22:14:40.233Z - [REQUEST]: Client Request for Project Graph Received
fatal: no path specified
[NX Daemon Server] - 2024-04-15T22:14:40.353Z - [REQUEST]: Updated file-hasher based on watched changes, recomputing project graph...
[NX Daemon Server] - 2024-04-15T22:14:40.353Z - [REQUEST]: 
[NX Daemon Server] - 2024-04-15T22:14:40.354Z - [REQUEST]: 
[NX Daemon Server] - 2024-04-15T22:14:40.521Z - Time taken for 'hash changed files from watcher' 47.246200000000016ms
[NX Daemon Server] - 2024-04-15T22:14:40.835Z - [WATCHER]: Processing file changes in outputs
[NX Daemon Server] - 2024-04-15T22:14:40.837Z - [WATCHER]: 2 file(s) created or restored, 1 file(s) modified, 0 file(s) deleted
[NX Daemon Server] - 2024-04-15T22:14:41.037Z - [REQUEST]: Updated file-hasher based on watched changes, recomputing project graph...
[NX Daemon Server] - 2024-04-15T22:14:41.037Z - [REQUEST]: 1723024189018750628,8115451266344546866,9404125702730209470
[NX Daemon Server] - 2024-04-15T22:14:41.037Z - [REQUEST]: 
[NX Daemon Server] - 2024-04-15T22:14:41.087Z - Time taken for 'hash changed files from watcher' 64.6454ms
[NX Daemon Server] - 2024-04-15T22:14:41.164Z - [REQUEST]: Responding to the client. project-graph
[NX Daemon Server] - 2024-04-15T22:14:41.169Z - Time taken for 'total for creating and serializing project graph' 931.2652ms
[NX Daemon Server] - 2024-04-15T22:14:41.170Z - Done responding to the client project-graph
[NX Daemon Server] - 2024-04-15T22:14:41.170Z - Handled REQUEST_PROJECT_GRAPH. Handling time: 931. Response time: 6.
[NX Daemon Server] - 2024-04-15T22:14:41.349Z - [WATCHER]: 2 file(s) created or restored, 3 file(s) modified, 0 file(s) deleted
[NX Daemon Server] - 2024-04-15T22:14:41.351Z - [WATCHER]: Processing file changes in outputs
[NX Daemon Server] - 2024-04-15T22:14:41.456Z - [REQUEST]: Updated file-hasher based on watched changes, recomputing project graph...
[NX Daemon Server] - 2024-04-15T22:14:41.456Z - [REQUEST]: 15146295515565800435,10297498646352137707,11510758198604859448
[NX Daemon Server] - 2024-04-15T22:14:41.456Z - [REQUEST]: 
[NX Daemon Server] - 2024-04-15T22:14:41.749Z - [REQUEST]: Responding to the client. handleHashTasks
[NX Daemon Server] - 2024-04-15T22:14:41.749Z - Time taken for 'hash changed files from watcher' 63.86329999999998ms
[NX Daemon Server] - 2024-04-15T22:14:41.749Z - Done responding to the client handleHashTasks
[NX Daemon Server] - 2024-04-15T22:14:41.749Z - Handled HASH_TASKS. Handling time: 385. Response time: 0.
[NX Daemon Server] - 2024-04-15T22:14:41.810Z - Time taken for 'total execution time for createProjectGraph()' 344.8263999999999ms
[NX Daemon Server] - 2024-04-15T22:14:41.862Z - [WATCHER]: Processing file changes in outputs
[NX Daemon Server] - 2024-04-15T22:14:41.864Z - [WATCHER]: 4 file(s) created or restored, 1 file(s) modified, 2 file(s) deleted
[NX Daemon Server] - 2024-04-15T22:14:42.065Z - [REQUEST]: Updated file-hasher based on watched changes, recomputing project graph...
[NX Daemon Server] - 2024-04-15T22:14:42.065Z - [REQUEST]: 18353651691477978652
[NX Daemon Server] - 2024-04-15T22:14:42.065Z - [REQUEST]: .nx/cache/project-graph.json,.nx/cache/file-map.json
[NX Daemon Server] - 2024-04-15T22:14:42.092Z - Time taken for 'hash changed files from watcher' 54.66190000000006ms
[NX Daemon Server] - 2024-04-15T22:14:42.377Z - [WATCHER]: 3 file(s) created or restored, 1 file(s) modified, 2 file(s) deleted
[NX Daemon Server] - 2024-04-15T22:14:42.377Z - [WATCHER]: Processing file changes in outputs
[NX Daemon Server] - 2024-04-15T22:14:42.580Z - [REQUEST]: Updated file-hasher based on watched changes, recomputing project graph...
[NX Daemon Server] - 2024-04-15T22:14:42.580Z - [REQUEST]: 3244421341483603138,1584282334116166059
[NX Daemon Server] - 2024-04-15T22:14:42.580Z - [REQUEST]: .nx/cache/project-graph.json,.nx/cache/file-map.json
[NX Daemon Server] - 2024-04-15T22:14:42.604Z - Established a connection. Number of open connections: 2
[NX Daemon Server] - 2024-04-15T22:14:42.604Z - Established a connection. Number of open connections: 3
[NX Daemon Server] - 2024-04-15T22:14:42.605Z - Time taken for 'hash changed files from watcher' 51.77890000000025ms
[NX Daemon Server] - 2024-04-15T22:14:42.605Z - Closed a connection. Number of open connections: 2
[NX Daemon Server] - 2024-04-15T22:14:42.606Z - [REQUEST]: Client Request for Project Graph Received
[NX Daemon Server] - 2024-04-15T22:14:42.606Z - [REQUEST]: Responding to the client. project-graph
[NX Daemon Server] - 2024-04-15T22:14:42.607Z - Time taken for 'total for creating and serializing project graph' 0.18449999999984357ms
[NX Daemon Server] - 2024-04-15T22:14:42.607Z - Done responding to the client project-graph
[NX Daemon Server] - 2024-04-15T22:14:42.607Z - Handled REQUEST_PROJECT_GRAPH. Handling time: 0. Response time: 1.
[NX Daemon Server] - 2024-04-15T22:14:42.893Z - [WATCHER]: 2 file(s) created or restored, 1 file(s) modified, 2 file(s) deleted
[NX Daemon Server] - 2024-04-15T22:14:42.893Z - [WATCHER]: Processing file changes in outputs
[NX Daemon Server] - 2024-04-15T22:14:43.094Z - [REQUEST]: Updated file-hasher based on watched changes, recomputing project graph...
[NX Daemon Server] - 2024-04-15T22:14:43.095Z - [REQUEST]: 15817698027352387532
[NX Daemon Server] - 2024-04-15T22:14:43.095Z - [REQUEST]: .nx/cache/project-graph.json,.nx/cache/file-map.json
[NX Daemon Server] - 2024-04-15T22:14:43.119Z - Time taken for 'hash changed files from watcher' 44.784000000000106ms
[NX Daemon Server] - 2024-04-15T22:14:43.405Z - [WATCHER]: Processing file changes in outputs
[NX Daemon Server] - 2024-04-15T22:14:43.406Z - [WATCHER]: 2 file(s) created or restored, 1 file(s) modified, 2 file(s) deleted
[NX Daemon Server] - 2024-04-15T22:14:43.687Z - [REQUEST]: Updated file-hasher based on watched changes, recomputing project graph...
[NX Daemon Server] - 2024-04-15T22:14:43.687Z - [REQUEST]: 5899093691392163330
[NX Daemon Server] - 2024-04-15T22:14:43.687Z - [REQUEST]: .nx/cache/project-graph.json,.nx/cache/file-map.json
[NX Daemon Server] - 2024-04-15T22:14:43.709Z - Time taken for 'hash changed files from watcher' 46.15779999999995ms
[NX Daemon Server] - 2024-04-15T22:14:43.922Z - [WATCHER]: Processing file changes in outputs
[NX Daemon Server] - 2024-04-15T22:14:44.015Z - [WATCHER]: 2 file(s) created or restored, 2 file(s) modified, 2 file(s) deleted
[NX Daemon Server] - 2024-04-15T22:14:44.514Z - [REQUEST]: Updated file-hasher based on watched changes, recomputing project graph...
[NX Daemon Server] - 2024-04-15T22:14:44.514Z - [REQUEST]: 9135256737708120346,17949441454204710401
[NX Daemon Server] - 2024-04-15T22:14:44.514Z - [REQUEST]: .nx/cache/file-map.json,.nx/cache/project-graph.json
[NX Daemon Server] - 2024-04-15T22:14:44.538Z - [WATCHER]: .nx/cache/d/daemon.log was modified
[NX Daemon Server] - 2024-04-15T22:14:44.538Z - [WATCHER]: Processing file changes in outputs
[NX Daemon Server] - 2024-04-15T22:14:44.539Z - Time taken for 'hash changed files from watcher' 49.70059999999921ms
[NX Daemon Server] - 2024-04-15T22:14:45.043Z - [WATCHER]: 2 file(s) created or restored, 1 file(s) modified, 2 file(s) deleted
[NX Daemon Server] - 2024-04-15T22:14:45.043Z - [WATCHER]: Processing file changes in outputs
[NX Daemon Server] - 2024-04-15T22:14:45.479Z - [REQUEST]: Updated file-hasher based on watched changes, recomputing project graph...
[NX Daemon Server] - 2024-04-15T22:14:45.479Z - [REQUEST]: 2751122732824199342
[NX Daemon Server] - 2024-04-15T22:14:45.479Z - [REQUEST]: .nx/cache/file-map.json,.nx/cache/project-graph.json
[NX Daemon Server] - 2024-04-15T22:14:45.506Z - Time taken for 'hash changed files from watcher' 45.73459999999977ms
[NX Daemon Server] - 2024-04-15T22:14:45.557Z - [WATCHER]: Processing file changes in outputs
[NX Daemon Server] - 2024-04-15T22:14:45.558Z - [WATCHER]: 2 file(s) created or restored, 2 file(s) modified, 2 file(s) deleted
[NX Daemon Server] - 2024-04-15T22:14:46.072Z - [WATCHER]: .nx/cache/d/daemon.log was modified
[NX Daemon Server] - 2024-04-15T22:14:46.072Z - [WATCHER]: Processing file changes in outputs
[NX Daemon Server] - 2024-04-15T22:14:46.515Z - Established a connection. Number of open connections: 3
[NX Daemon Server] - 2024-04-15T22:14:46.515Z - Closed a connection. Number of open connections: 2
[NX Daemon Server] - 2024-04-15T22:14:46.515Z - Established a connection. Number of open connections: 3
[NX Daemon Server] - 2024-04-15T22:14:46.516Z - [REQUEST]: Client Request for Project Graph Received
[NX Daemon Server] - 2024-04-15T22:14:46.601Z - [REQUEST]: Updated file-hasher based on watched changes, recomputing project graph...
[NX Daemon Server] - 2024-04-15T22:14:46.601Z - [REQUEST]: 13104299342540240689,17379001763351076369
[NX Daemon Server] - 2024-04-15T22:14:46.601Z - [REQUEST]: .nx/cache/project-graph.json,.nx/cache/file-map.json
[NX Daemon Server] - 2024-04-15T22:14:46.636Z - [REQUEST]: Responding to the client. project-graph
[NX Daemon Server] - 2024-04-15T22:14:46.637Z - Time taken for 'total for creating and serializing project graph' 120.41679999999997ms
[NX Daemon Server] - 2024-04-15T22:14:46.638Z - [WATCHER]: 0 file(s) created or restored, 2 file(s) modified, 0 file(s) deleted
[NX Daemon Server] - 2024-04-15T22:14:46.638Z - [WATCHER]: Processing file changes in outputs
[NX Daemon Server] - 2024-04-15T22:14:46.638Z - Done responding to the client project-graph
[NX Daemon Server] - 2024-04-15T22:14:46.638Z - Handled REQUEST_PROJECT_GRAPH. Handling time: 120. Response time: 2.
[NX Daemon Server] - 2024-04-15T22:14:46.642Z - [REQUEST]: Responding to the client. handleRequestFileData
[NX Daemon Server] - 2024-04-15T22:14:46.643Z - Done responding to the client handleRequestFileData
[NX Daemon Server] - 2024-04-15T22:14:46.643Z - Handled REQUEST_FILE_DATA. Handling time: 0. Response time: 1.
[NX Daemon Server] - 2024-04-15T22:14:46.643Z - Closed a connection. Number of open connections: 2
[NX Daemon Server] - 2024-04-15T22:14:46.834Z - [REQUEST]: Updated file-hasher based on watched changes, recomputing project graph...
[NX Daemon Server] - 2024-04-15T22:14:46.834Z - [REQUEST]: 10640363564998560189,10407405983157193824
[NX Daemon Server] - 2024-04-15T22:14:46.834Z - [REQUEST]: 
[NX Daemon Server] - 2024-04-15T22:14:46.857Z - Time taken for 'hash changed files from watcher' 49.852100000000064ms
[NX Daemon Server] - 2024-04-15T22:14:47.132Z - [WATCHER]: 4 file(s) created or restored, 2 file(s) modified, 2 file(s) deleted
[NX Daemon Server] - 2024-04-15T22:14:47.133Z - [WATCHER]: Processing file changes in outputs
[NX Daemon Server] - 2024-04-15T22:14:47.427Z - [REQUEST]: Updated file-hasher based on watched changes, recomputing project graph...
[NX Daemon Server] - 2024-04-15T22:14:47.428Z - [REQUEST]: 6037317193130281861,6980912867455160280
[NX Daemon Server] - 2024-04-15T22:14:47.428Z - [REQUEST]: .nx/cache/project-graph.json,.nx/cache/file-map.json
[NX Daemon Server] - 2024-04-15T22:14:47.453Z - Time taken for 'hash changed files from watcher' 51.980499999999665ms
[NX Daemon Server] - 2024-04-15T22:14:47.636Z - [WATCHER]: 2 file(s) created or restored, 2 file(s) modified, 2 file(s) deleted
[NX Daemon Server] - 2024-04-15T22:14:47.637Z - [WATCHER]: Processing file changes in outputs
[NX Daemon Server] - 2024-04-15T22:14:47.956Z - Established a connection. Number of open connections: 3
[NX Daemon Server] - 2024-04-15T22:14:47.957Z - Closed a connection. Number of open connections: 2
[NX Daemon Server] - 2024-04-15T22:14:47.957Z - Established a connection. Number of open connections: 3
[NX Daemon Server] - 2024-04-15T22:14:47.959Z - [REQUEST]: Client Request for Project Graph Received
[NX Daemon Server] - 2024-04-15T22:14:48.040Z - [REQUEST]: Updated file-hasher based on watched changes, recomputing project graph...
[NX Daemon Server] - 2024-04-15T22:14:48.040Z - [REQUEST]: 12005140811380245616,6258712817460969421
[NX Daemon Server] - 2024-04-15T22:14:48.040Z - [REQUEST]: .nx/cache/file-map.json,.nx/cache/project-graph.json
[NX Daemon Server] - 2024-04-15T22:14:48.069Z - [REQUEST]: Responding to the client. project-graph
[NX Daemon Server] - 2024-04-15T22:14:48.069Z - Time taken for 'total for creating and serializing project graph' 109.26749999999993ms
[NX Daemon Server] - 2024-04-15T22:14:48.069Z - Done responding to the client project-graph
[NX Daemon Server] - 2024-04-15T22:14:48.070Z - Handled REQUEST_PROJECT_GRAPH. Handling time: 110. Response time: 1.
[NX Daemon Server] - 2024-04-15T22:14:48.147Z - [WATCHER]: 10 file(s) created or restored, 2 file(s) modified, 2 file(s) deleted
[NX Daemon Server] - 2024-04-15T22:14:48.148Z - [WATCHER]: Processing file changes in outputs
[NX Daemon Server] - 2024-04-15T22:14:48.149Z - [REQUEST]: Client Request for Project Graph Received
[NX Daemon Server] - 2024-04-15T22:14:48.257Z - [REQUEST]: Updated file-hasher based on watched changes, recomputing project graph...
[NX Daemon Server] - 2024-04-15T22:14:48.257Z - [REQUEST]: 9652903316845995179,13596360365094399219,483147636151973057,9303420814833116677,17108493703970937027,3181124310005851816,14388753047742269978,5667550289807473445,3649319841185191744,12005140811380245616
[NX Daemon Server] - 2024-04-15T22:14:48.257Z - [REQUEST]: .nx/cache/project-graph.json,.nx/cache/file-map.json
[NX Daemon Server] - 2024-04-15T22:14:48.416Z - [REQUEST]: Responding to the client. project-graph
[NX Daemon Server] - 2024-04-15T22:14:48.417Z - Time taken for 'total for creating and serializing project graph' 267.1916000000001ms
[NX Daemon Server] - 2024-04-15T22:14:48.417Z - Done responding to the client project-graph
[NX Daemon Server] - 2024-04-15T22:14:48.417Z - Handled REQUEST_PROJECT_GRAPH. Handling time: 267. Response time: 1.
[NX Daemon Server] - 2024-04-15T22:14:48.424Z - [REQUEST]: Client Request for Project Graph Received
[NX Daemon Server] - 2024-04-15T22:14:48.424Z - [REQUEST]: Responding to the client. project-graph
[NX Daemon Server] - 2024-04-15T22:14:48.425Z - Time taken for 'total for creating and serializing project graph' 0.16049999999995634ms
[NX Daemon Server] - 2024-04-15T22:14:48.425Z - Done responding to the client project-graph
[NX Daemon Server] - 2024-04-15T22:14:48.425Z - Handled REQUEST_PROJECT_GRAPH. Handling time: 0. Response time: 1.
[NX Daemon Server] - 2024-04-15T22:14:48.435Z - Closed a connection. Number of open connections: 2
[NX Daemon Server] - 2024-04-15T22:14:48.662Z - [WATCHER]: Processing file changes in outputs
[NX Daemon Server] - 2024-04-15T22:14:48.663Z - [WATCHER]: 3 file(s) created or restored, 2 file(s) modified, 2 file(s) deleted
[NX Daemon Server] - 2024-04-15T22:14:48.881Z - [REQUEST]: Updated file-hasher based on watched changes, recomputing project graph...
[NX Daemon Server] - 2024-04-15T22:14:48.881Z - [REQUEST]: 17036869540637447991,8813444742036578208,8589205964308568508
[NX Daemon Server] - 2024-04-15T22:14:48.882Z - [REQUEST]: .nx/cache/project-graph.json,.nx/cache/file-map.json
[NX Daemon Server] - 2024-04-15T22:14:48.905Z - Time taken for 'hash changed files from watcher' 46.83189999999922ms
[NX Daemon Server] - 2024-04-15T22:14:49.177Z - [WATCHER]: 2 file(s) created or restored, 2 file(s) modified, 2 file(s) deleted
[NX Daemon Server] - 2024-04-15T22:14:49.178Z - [WATCHER]: Processing file changes in outputs
[NX Daemon Server] - 2024-04-15T22:14:49.535Z - [REQUEST]: Updated file-hasher based on watched changes, recomputing project graph...
[NX Daemon Server] - 2024-04-15T22:14:49.535Z - [REQUEST]: 2387703507480725350,3939197025489034008
[NX Daemon Server] - 2024-04-15T22:14:49.535Z - [REQUEST]: .nx/cache/project-graph.json,.nx/cache/file-map.json
[NX Daemon Server] - 2024-04-15T22:14:49.626Z - Time taken for 'hash changed files from watcher' 99.79980000000069ms
[NX Daemon Server] - 2024-04-15T22:14:49.692Z - [WATCHER]: 2 file(s) created or restored, 2 file(s) modified, 2 file(s) deleted
[NX Daemon Server] - 2024-04-15T22:14:49.693Z - [WATCHER]: Processing file changes in outputs
[NX Daemon Server] - 2024-04-15T22:14:50.178Z - [REQUEST]: Updated file-hasher based on watched changes, recomputing project graph...
[NX Daemon Server] - 2024-04-15T22:14:50.178Z - [REQUEST]: 12816462334360204024,11919582608769798148
[NX Daemon Server] - 2024-04-15T22:14:50.178Z - [REQUEST]: .nx/cache/project-graph.json,.nx/cache/file-map.json
[NX Daemon Server] - 2024-04-15T22:14:50.200Z - [WATCHER]: Processing file changes in outputs
[NX Daemon Server] - 2024-04-15T22:14:50.201Z - [WATCHER]: 1 file(s) created or restored, 2 file(s) modified, 0 file(s) deleted
[NX Daemon Server] - 2024-04-15T22:14:50.201Z - Time taken for 'hash changed files from watcher' 49.20190000000002ms
[NX Daemon Server] - 2024-04-15T22:14:50.708Z - [WATCHER]: Processing file changes in outputs
[NX Daemon Server] - 2024-04-15T22:14:50.709Z - [WATCHER]: 1 file(s) created or restored, 2 file(s) modified, 2 file(s) deleted
[NX Daemon Server] - 2024-04-15T22:14:51.082Z - [REQUEST]: Updated file-hasher based on watched changes, recomputing project graph...
[NX Daemon Server] - 2024-04-15T22:14:51.082Z - [REQUEST]: 11524427370899295351,15640067676641499989
[NX Daemon Server] - 2024-04-15T22:14:51.082Z - [REQUEST]: .nx/cache/project-graph.json,.nx/cache/file-map.json
[NX Daemon Server] - 2024-04-15T22:14:51.108Z - Time taken for 'hash changed files from watcher' 45.821899999999005ms
[NX Daemon Server] - 2024-04-15T22:14:51.223Z - [WATCHER]: Processing file changes in outputs
[NX Daemon Server] - 2024-04-15T22:14:51.224Z - [WATCHER]: 2 file(s) created or restored, 2 file(s) modified, 2 file(s) deleted
[NX Daemon Server] - 2024-04-15T22:14:51.740Z - [WATCHER]: Processing file changes in outputs
[NX Daemon Server] - 2024-04-15T22:14:51.740Z - [WATCHER]: 0 file(s) created or restored, 2 file(s) modified, 0 file(s) deleted
[NX Daemon Server] - 2024-04-15T22:14:52.258Z - [WATCHER]: 0 file(s) created or restored, 2 file(s) modified, 0 file(s) deleted
[NX Daemon Server] - 2024-04-15T22:14:52.258Z - [WATCHER]: Processing file changes in outputs
[NX Daemon Server] - 2024-04-15T22:14:52.771Z - [WATCHER]: Processing file changes in outputs
[NX Daemon Server] - 2024-04-15T22:14:52.772Z - [WATCHER]: 0 file(s) created or restored, 2 file(s) modified, 0 file(s) deleted
[NX Daemon Server] - 2024-04-15T22:14:52.926Z - [REQUEST]: Updated file-hasher based on watched changes, recomputing project graph...
[NX Daemon Server] - 2024-04-15T22:14:52.926Z - [REQUEST]: 4332941103798352800,6409303530418896604
[NX Daemon Server] - 2024-04-15T22:14:52.926Z - [REQUEST]: .nx/cache/project-graph.json,.nx/cache/file-map.json
[NX Daemon Server] - 2024-04-15T22:14:52.948Z - Time taken for 'hash changed files from watcher' 44.32300000000032ms
[NX Daemon Server] - 2024-04-15T22:14:53.287Z - [WATCHER]: Processing file changes in outputs
[NX Daemon Server] - 2024-04-15T22:14:53.287Z - [WATCHER]: 2 file(s) created or restored, 2 file(s) modified, 2 file(s) deleted
[NX Daemon Server] - 2024-04-15T22:14:53.803Z - [WATCHER]: 0 file(s) created or restored, 2 file(s) modified, 0 file(s) deleted
[NX Daemon Server] - 2024-04-15T22:14:53.803Z - [WATCHER]: Processing file changes in outputs
[NX Daemon Server] - 2024-04-15T22:14:54.318Z - [WATCHER]: 0 file(s) created or restored, 2 file(s) modified, 0 file(s) deleted
[NX Daemon Server] - 2024-04-15T22:14:54.319Z - [WATCHER]: Processing file changes in outputs
[NX Daemon Server] - 2024-04-15T22:14:54.832Z - [WATCHER]: 0 file(s) created or restored, 2 file(s) modified, 0 file(s) deleted
[NX Daemon Server] - 2024-04-15T22:14:54.926Z - [WATCHER]: Processing file changes in outputs
[NX Daemon Server] - 2024-04-15T22:14:55.428Z - [WATCHER]: 0 file(s) created or restored, 2 file(s) modified, 0 file(s) deleted
[NX Daemon Server] - 2024-04-15T22:14:55.429Z - [WATCHER]: Processing file changes in outputs
[NX Daemon Server] - 2024-04-15T22:14:55.945Z - [WATCHER]: 0 file(s) created or restored, 2 file(s) modified, 0 file(s) deleted
[NX Daemon Server] - 2024-04-15T22:14:55.945Z - [WATCHER]: Processing file changes in outputs
[NX Daemon Server] - 2024-04-15T22:14:56.448Z - [WATCHER]: 0 file(s) created or restored, 2 file(s) modified, 0 file(s) deleted
[NX Daemon Server] - 2024-04-15T22:14:56.448Z - [WATCHER]: Processing file changes in outputs
[NX Daemon Server] - 2024-04-15T22:14:56.588Z - [REQUEST]: Updated file-hasher based on watched changes, recomputing project graph...
[NX Daemon Server] - 2024-04-15T22:14:56.588Z - [REQUEST]: 5973762207843845777,10120701442860209912
[NX Daemon Server] - 2024-04-15T22:14:56.588Z - [REQUEST]: .nx/cache/file-map.json,.nx/cache/project-graph.json
[NX Daemon Server] - 2024-04-15T22:14:56.614Z - Time taken for 'hash changed files from watcher' 52.651200000000244ms
[NX Daemon Server] - 2024-04-15T22:14:56.965Z - [WATCHER]: 2 file(s) created or restored, 2 file(s) modified, 2 file(s) deleted
[NX Daemon Server] - 2024-04-15T22:14:56.966Z - [WATCHER]: Processing file changes in outputs
[NX Daemon Server] - 2024-04-15T22:14:57.470Z - [WATCHER]: Processing file changes in outputs
[NX Daemon Server] - 2024-04-15T22:14:57.471Z - [WATCHER]: 0 file(s) created or restored, 2 file(s) modified, 0 file(s) deleted
[NX Daemon Server] - 2024-04-15T22:14:57.985Z - [WATCHER]: Processing file changes in outputs
[NX Daemon Server] - 2024-04-15T22:14:57.986Z - [WATCHER]: .nx/cache/d/daemon.log was modified
[NX Daemon Server] - 2024-04-15T22:14:58.498Z - [WATCHER]: .nx/cache/d/daemon.log was modified
[NX Daemon Server] - 2024-04-15T22:14:58.499Z - [WATCHER]: Processing file changes in outputs
[NX Daemon Server] - 2024-04-15T22:14:59.015Z - [WATCHER]: .nx/cache/d/daemon.log was modified
[NX Daemon Server] - 2024-04-15T22:14:59.015Z - [WATCHER]: Processing file changes in outputs
[NX Daemon Server] - 2024-04-15T22:14:59.129Z - Closed a connection. Number of open connections: 1
[NX Daemon Server] - 2024-04-15T22:14:59.176Z - [REQUEST]: Responding to the client. recordOutputsHash
[NX Daemon Server] - 2024-04-15T22:14:59.176Z - Done responding to the client recordOutputsHash
[NX Daemon Server] - 2024-04-15T22:14:59.176Z - Handled RECORD_OUTPUTS_HASH. Handling time: 2. Response time: 0.
[NX Daemon Server] - 2024-04-15T22:14:59.744Z - [REQUEST]: Responding to the client. PROCESS_IN_BACKGROUND
[NX Daemon Server] - 2024-04-15T22:14:59.744Z - Uploading file artifacts
[NX Daemon Server] - 2024-04-15T22:14:59.744Z - Done uploading file artifacts
[NX Daemon Server] - 2024-04-15T22:14:59.744Z - Sending EndRun request
[NX Daemon Server] - 2024-04-15T22:14:59.748Z - [WATCHER]: 1 file(s) created or restored, 2 file(s) modified, 0 file(s) deleted
[NX Daemon Server] - 2024-04-15T22:14:59.749Z - [WATCHER]: Processing file changes in outputs
[NX Daemon Server] - 2024-04-15T22:14:59.749Z - Done responding to the client PROCESS_IN_BACKGROUND
[NX Daemon Server] - 2024-04-15T22:14:59.749Z - Handled PROCESS_IN_BACKGROUND. Handling time: 492. Response time: 5.
[NX Daemon Server] - 2024-04-15T22:14:59.848Z - Closed a connection. Number of open connections: 0
[NX Daemon Server] - 2024-04-15T22:14:59.940Z - Done sending EndRun request
[NX Daemon Server] - 2024-04-15T22:15:00.251Z - Established a connection. Number of open connections: 1
[NX Daemon Server] - 2024-04-15T22:15:00.252Z - Closed a connection. Number of open connections: 0
[NX Daemon Server] - 2024-04-15T22:15:00.252Z - Established a connection. Number of open connections: 1
[NX Daemon Server] - 2024-04-15T22:15:00.254Z - [REQUEST]: Client Request for Project Graph Received
[NX Daemon Server] - 2024-04-15T22:15:00.406Z - [REQUEST]: Updated file-hasher based on watched changes, recomputing project graph...
[NX Daemon Server] - 2024-04-15T22:15:00.406Z - [REQUEST]: 18309167928718904465,1543922291367508661,7888759984439209279
[NX Daemon Server] - 2024-04-15T22:15:00.406Z - [REQUEST]: .nx/cache/project-graph.json,.nx/cache/file-map.json
[NX Daemon Server] - 2024-04-15T22:15:00.426Z - [REQUEST]: Responding to the client. project-graph
[NX Daemon Server] - 2024-04-15T22:15:00.427Z - Time taken for 'total for creating and serializing project graph' 172.0031999999992ms
[NX Daemon Server] - 2024-04-15T22:15:00.427Z - [WATCHER]: Processing file changes in outputs
[NX Daemon Server] - 2024-04-15T22:15:00.428Z - [WATCHER]: .nx/cache/d/daemon.log was modified
[NX Daemon Server] - 2024-04-15T22:15:00.428Z - Done responding to the client project-graph
[NX Daemon Server] - 2024-04-15T22:15:00.428Z - Handled REQUEST_PROJECT_GRAPH. Handling time: 172. Response time: 2.
[NX Daemon Server] - 2024-04-15T22:15:00.608Z - [REQUEST]: Updated file-hasher based on watched changes, recomputing project graph...
[NX Daemon Server] - 2024-04-15T22:15:00.608Z - [REQUEST]: 9048958552102351074
[NX Daemon Server] - 2024-04-15T22:15:00.608Z - [REQUEST]: 
[NX Daemon Server] - 2024-04-15T22:15:00.641Z - [REQUEST]: Responding to the client. handleHashTasks
[NX Daemon Server] - 2024-04-15T22:15:00.641Z - Time taken for 'hash changed files from watcher' 49.053100000000995ms
[NX Daemon Server] - 2024-04-15T22:15:00.642Z - Done responding to the client handleHashTasks
[NX Daemon Server] - 2024-04-15T22:15:00.642Z - Handled HASH_TASKS. Handling time: 13. Response time: 1.
[NX Daemon Server] - 2024-04-15T22:15:00.888Z - [WATCHER]: Processing file changes in outputs
[NX Daemon Server] - 2024-04-15T22:15:00.889Z - [WATCHER]: 5 file(s) created or restored, 1 file(s) modified, 2 file(s) deleted
[NX Daemon Server] - 2024-04-15T22:15:01.108Z - [REQUEST]: Updated file-hasher based on watched changes, recomputing project graph...
[NX Daemon Server] - 2024-04-15T22:15:01.108Z - [REQUEST]: 3244421341483603138,15888548176339417066
[NX Daemon Server] - 2024-04-15T22:15:01.108Z - [REQUEST]: .nx/cache/project-graph.json,.nx/cache/file-map.json
[NX Daemon Server] - 2024-04-15T22:15:01.128Z - Time taken for 'hash changed files from watcher' 47.50109999999768ms
[NX Daemon Server] - 2024-04-15T22:15:01.154Z - Established a connection. Number of open connections: 2
[NX Daemon Server] - 2024-04-15T22:15:01.154Z - Closed a connection. Number of open connections: 1
[NX Daemon Server] - 2024-04-15T22:15:01.155Z - Established a connection. Number of open connections: 2
[NX Daemon Server] - 2024-04-15T22:15:01.157Z - [REQUEST]: Client Request for Project Graph Received
[NX Daemon Server] - 2024-04-15T22:15:01.157Z - [REQUEST]: Responding to the client. project-graph
[NX Daemon Server] - 2024-04-15T22:15:01.157Z - Time taken for 'total for creating and serializing project graph' 0.16860000000087894ms
[NX Daemon Server] - 2024-04-15T22:15:01.157Z - Done responding to the client project-graph
[NX Daemon Server] - 2024-04-15T22:15:01.157Z - Handled REQUEST_PROJECT_GRAPH. Handling time: 0. Response time: 0.
[NX Daemon Server] - 2024-04-15T22:15:01.407Z - [WATCHER]: 2 file(s) created or restored, 1 file(s) modified, 2 file(s) deleted
[NX Daemon Server] - 2024-04-15T22:15:01.407Z - [WATCHER]: Processing file changes in outputs
[NX Daemon Server] - 2024-04-15T22:15:01.592Z - [REQUEST]: Updated file-hasher based on watched changes, recomputing project graph...
[NX Daemon Server] - 2024-04-15T22:15:01.592Z - [REQUEST]: 16842763782317218668
[NX Daemon Server] - 2024-04-15T22:15:01.592Z - [REQUEST]: .nx/cache/file-map.json,.nx/cache/project-graph.json
[NX Daemon Server] - 2024-04-15T22:15:01.613Z - Time taken for 'hash changed files from watcher' 44.55659999999989ms
[NX Daemon Server] - 2024-04-15T22:15:01.922Z - [WATCHER]: 2 file(s) created or restored, 1 file(s) modified, 2 file(s) deleted
[NX Daemon Server] - 2024-04-15T22:15:01.922Z - [WATCHER]: Processing file changes in outputs
[NX Daemon Server] - 2024-04-15T22:15:02.217Z - [REQUEST]: Updated file-hasher based on watched changes, recomputing project graph...
[NX Daemon Server] - 2024-04-15T22:15:02.218Z - [REQUEST]: 4299713574369001465
[NX Daemon Server] - 2024-04-15T22:15:02.218Z - [REQUEST]: .nx/cache/project-graph.json,.nx/cache/file-map.json
[NX Daemon Server] - 2024-04-15T22:15:02.237Z - Time taken for 'hash changed files from watcher' 44.092399999997724ms
[NX Daemon Server] - 2024-04-15T22:15:02.437Z - [WATCHER]: 2 file(s) created or restored, 2 file(s) modified, 2 file(s) deleted
[NX Daemon Server] - 2024-04-15T22:15:02.438Z - [WATCHER]: Processing file changes in outputs
[NX Daemon Server] - 2024-04-15T22:15:02.935Z - [REQUEST]: Updated file-hasher based on watched changes, recomputing project graph...
[NX Daemon Server] - 2024-04-15T22:15:02.935Z - [REQUEST]: 8842730643074197471,15257199692234405095
[NX Daemon Server] - 2024-04-15T22:15:02.935Z - [REQUEST]: .nx/cache/file-map.json,.nx/cache/project-graph.json
[NX Daemon Server] - 2024-04-15T22:15:02.960Z - [WATCHER]: Processing file changes in outputs
[NX Daemon Server] - 2024-04-15T22:15:02.961Z - [WATCHER]: 0 file(s) created or restored, 2 file(s) modified, 0 file(s) deleted
[NX Daemon Server] - 2024-04-15T22:15:02.962Z - Time taken for 'hash changed files from watcher' 52.4861000000019ms
[NX Daemon Server] - 2024-04-15T22:15:03.467Z - [WATCHER]: Processing file changes in outputs
[NX Daemon Server] - 2024-04-15T22:15:03.468Z - [WATCHER]: 2 file(s) created or restored, 1 file(s) modified, 2 file(s) deleted
[NX Daemon Server] - 2024-04-15T22:15:03.826Z - [REQUEST]: Updated file-hasher based on watched changes, recomputing project graph...
[NX Daemon Server] - 2024-04-15T22:15:03.826Z - [REQUEST]: 8550618259556951746,8842730643074197471
[NX Daemon Server] - 2024-04-15T22:15:03.826Z - [REQUEST]: .nx/cache/project-graph.json,.nx/cache/file-map.json
[NX Daemon Server] - 2024-04-15T22:15:03.847Z - Time taken for 'hash changed files from watcher' 43.9387999999999ms
[NX Daemon Server] - 2024-04-15T22:15:03.984Z - [WATCHER]: Processing file changes in outputs
[NX Daemon Server] - 2024-04-15T22:15:03.984Z - [WATCHER]: 2 file(s) created or restored, 1 file(s) modified, 2 file(s) deleted
[NX Daemon Server] - 2024-04-15T22:15:04.499Z - [WATCHER]: .nx/cache/d/daemon.log was modified
[NX Daemon Server] - 2024-04-15T22:15:04.499Z - [WATCHER]: Processing file changes in outputs
[NX Daemon Server] - 2024-04-15T22:15:05.015Z - [WATCHER]: Processing file changes in outputs
[NX Daemon Server] - 2024-04-15T22:15:05.016Z - [WATCHER]: .nx/cache/d/daemon.log was modified
[NX Daemon Server] - 2024-04-15T22:15:05.528Z - [WATCHER]: .nx/cache/d/daemon.log was modified
[NX Daemon Server] - 2024-04-15T22:15:05.528Z - [WATCHER]: Processing file changes in outputs
[NX Daemon Server] - 2024-04-15T22:15:05.681Z - [REQUEST]: Updated file-hasher based on watched changes, recomputing project graph...
[NX Daemon Server] - 2024-04-15T22:15:05.682Z - [REQUEST]: 3022236201752431484
[NX Daemon Server] - 2024-04-15T22:15:05.682Z - [REQUEST]: .nx/cache/project-graph.json,.nx/cache/file-map.json
[NX Daemon Server] - 2024-04-15T22:15:05.703Z - Time taken for 'hash changed files from watcher' 49.49859999999899ms
[NX Daemon Server] - 2024-04-15T22:15:06.040Z - [WATCHER]: 2 file(s) created or restored, 2 file(s) modified, 2 file(s) deleted
[NX Daemon Server] - 2024-04-15T22:15:06.041Z - [WATCHER]: Processing file changes in outputs
[NX Daemon Server] - 2024-04-15T22:15:06.543Z - [WATCHER]: .nx/cache/d/daemon.log was modified
[NX Daemon Server] - 2024-04-15T22:15:06.543Z - [WATCHER]: Processing file changes in outputs
[NX Daemon Server] - 2024-04-15T22:15:07.060Z - [WATCHER]: .nx/cache/d/daemon.log was modified
[NX Daemon Server] - 2024-04-15T22:15:07.061Z - [WATCHER]: Processing file changes in outputs
[NX Daemon Server] - 2024-04-15T22:15:07.576Z - [WATCHER]: Processing file changes in outputs
[NX Daemon Server] - 2024-04-15T22:15:07.577Z - [WATCHER]: .nx/cache/d/daemon.log was modified
[NX Daemon Server] - 2024-04-15T22:15:08.094Z - [WATCHER]: .nx/cache/d/daemon.log was modified
[NX Daemon Server] - 2024-04-15T22:15:08.094Z - [WATCHER]: Processing file changes in outputs
[NX Daemon Server] - 2024-04-15T22:15:08.608Z - [WATCHER]: .nx/cache/d/daemon.log was modified
[NX Daemon Server] - 2024-04-15T22:15:08.608Z - [WATCHER]: Processing file changes in outputs
[NX Daemon Server] - 2024-04-15T22:15:09.124Z - [WATCHER]: .nx/cache/d/daemon.log was modified
[NX Daemon Server] - 2024-04-15T22:15:09.124Z - [WATCHER]: Processing file changes in outputs
[NX Daemon Server] - 2024-04-15T22:15:09.342Z - [REQUEST]: Updated file-hasher based on watched changes, recomputing project graph...
[NX Daemon Server] - 2024-04-15T22:15:09.342Z - [REQUEST]: 13127675341099122249,9675018134963810552
[NX Daemon Server] - 2024-04-15T22:15:09.342Z - [REQUEST]: .nx/cache/project-graph.json,.nx/cache/file-map.json
[NX Daemon Server] - 2024-04-15T22:15:09.362Z - Time taken for 'hash changed files from watcher' 42.62249999999767ms
[NX Daemon Server] - 2024-04-15T22:15:09.640Z - [WATCHER]: Processing file changes in outputs
[NX Daemon Server] - 2024-04-15T22:15:09.641Z - [WATCHER]: 2 file(s) created or restored, 2 file(s) modified, 2 file(s) deleted
[NX Daemon Server] - 2024-04-15T22:15:10.142Z - [WATCHER]: Processing file changes in outputs
[NX Daemon Server] - 2024-04-15T22:15:10.143Z - [WATCHER]: .nx/cache/d/daemon.log was modified
[NX Daemon Server] - 2024-04-15T22:15:10.645Z - [WATCHER]: .nx/cache/d/daemon.log was modified
[NX Daemon Server] - 2024-04-15T22:15:10.645Z - [WATCHER]: Processing file changes in outputs
[NX Daemon Server] - 2024-04-15T22:15:11.147Z - [WATCHER]: Processing file changes in outputs
[NX Daemon Server] - 2024-04-15T22:15:11.148Z - [WATCHER]: .nx/cache/d/daemon.log was modified
[NX Daemon Server] - 2024-04-15T22:15:11.664Z - [WATCHER]: .nx/cache/d/daemon.log was modified
[NX Daemon Server] - 2024-04-15T22:15:11.664Z - [WATCHER]: Processing file changes in outputs
[NX Daemon Server] - 2024-04-15T22:15:12.181Z - [WATCHER]: .nx/cache/d/daemon.log was modified
[NX Daemon Server] - 2024-04-15T22:15:12.181Z - [WATCHER]: Processing file changes in outputs
[NX Daemon Server] - 2024-04-15T22:15:12.693Z - [WATCHER]: .nx/cache/d/daemon.log was modified
[NX Daemon Server] - 2024-04-15T22:15:12.694Z - [WATCHER]: Processing file changes in outputs
[NX Daemon Server] - 2024-04-15T22:15:13.208Z - [WATCHER]: .nx/cache/d/daemon.log was modified
[NX Daemon Server] - 2024-04-15T22:15:13.208Z - [WATCHER]: Processing file changes in outputs
[NX Daemon Server] - 2024-04-15T22:15:13.710Z - [WATCHER]: .nx/cache/d/daemon.log was modified
[NX Daemon Server] - 2024-04-15T22:15:13.711Z - [WATCHER]: Processing file changes in outputs
[NX Daemon Server] - 2024-04-15T22:15:14.226Z - [WATCHER]: Processing file changes in outputs
[NX Daemon Server] - 2024-04-15T22:15:14.227Z - [WATCHER]: .nx/cache/d/daemon.log was modified
[NX Daemon Server] - 2024-04-15T22:15:14.742Z - [WATCHER]: Processing file changes in outputs
[NX Daemon Server] - 2024-04-15T22:15:14.743Z - [WATCHER]: .nx/cache/d/daemon.log was modified
[NX Daemon Server] - 2024-04-15T22:15:15.245Z - [WATCHER]: .nx/cache/d/daemon.log was modified
[NX Daemon Server] - 2024-04-15T22:15:15.246Z - [WATCHER]: Processing file changes in outputs
[NX Daemon Server] - 2024-04-15T22:15:15.761Z - [WATCHER]: .nx/cache/d/daemon.log was modified
[NX Daemon Server] - 2024-04-15T22:15:15.762Z - [WATCHER]: Processing file changes in outputs
[NX Daemon Server] - 2024-04-15T22:15:16.135Z - [REQUEST]: Updated file-hasher based on watched changes, recomputing project graph...
[NX Daemon Server] - 2024-04-15T22:15:16.135Z - [REQUEST]: 10329735845926529968,9675018134963810552
[NX Daemon Server] - 2024-04-15T22:15:16.135Z - [REQUEST]: .nx/cache/project-graph.json,.nx/cache/file-map.json
[NX Daemon Server] - 2024-04-15T22:15:16.161Z - Time taken for 'hash changed files from watcher' 44.677199999998265ms
[NX Daemon Server] - 2024-04-15T22:15:16.276Z - [WATCHER]: 2 file(s) created or restored, 1 file(s) modified, 2 file(s) deleted
[NX Daemon Server] - 2024-04-15T22:15:16.276Z - [WATCHER]: Processing file changes in outputs
[NX Daemon Server] - 2024-04-15T22:15:16.791Z - [WATCHER]: .nx/cache/d/daemon.log was modified
[NX Daemon Server] - 2024-04-15T22:15:16.792Z - [WATCHER]: Processing file changes in outputs
[NX Daemon Server] - 2024-04-15T22:15:17.307Z - [WATCHER]: Processing file changes in outputs
[NX Daemon Server] - 2024-04-15T22:15:17.308Z - [WATCHER]: .nx/cache/d/daemon.log was modified
[NX Daemon Server] - 2024-04-15T22:15:17.822Z - [WATCHER]: .nx/cache/d/daemon.log was modified
[NX Daemon Server] - 2024-04-15T22:15:17.823Z - [WATCHER]: Processing file changes in outputs
[NX Daemon Server] - 2024-04-15T22:15:18.339Z - [WATCHER]: Processing file changes in outputs
[NX Daemon Server] - 2024-04-15T22:15:18.340Z - [WATCHER]: .nx/cache/d/daemon.log was modified
[NX Daemon Server] - 2024-04-15T22:15:18.855Z - [WATCHER]: Processing file changes in outputs
[NX Daemon Server] - 2024-04-15T22:15:18.856Z - [WATCHER]: .nx/cache/d/daemon.log was modified
[NX Daemon Server] - 2024-04-15T22:15:19.360Z - [WATCHER]: .nx/cache/d/daemon.log was modified
[NX Daemon Server] - 2024-04-15T22:15:19.360Z - [WATCHER]: Processing file changes in outputs
[NX Daemon Server] - 2024-04-15T22:15:19.874Z - [WATCHER]: Processing file changes in outputs
[NX Daemon Server] - 2024-04-15T22:15:19.875Z - [WATCHER]: .nx/cache/d/daemon.log was modified
[NX Daemon Server] - 2024-04-15T22:15:20.390Z - [WATCHER]: .nx/cache/d/daemon.log was modified
[NX Daemon Server] - 2024-04-15T22:15:20.391Z - [WATCHER]: Processing file changes in outputs
[NX Daemon Server] - 2024-04-15T22:15:20.906Z - [WATCHER]: .nx/cache/d/daemon.log was modified
[NX Daemon Server] - 2024-04-15T22:15:20.906Z - [WATCHER]: Processing file changes in outputs
[NX Daemon Server] - 2024-04-15T22:15:21.420Z - [WATCHER]: .nx/cache/d/daemon.log was modified
[NX Daemon Server] - 2024-04-15T22:15:21.420Z - [WATCHER]: Processing file changes in outputs
[NX Daemon Server] - 2024-04-15T22:15:21.932Z - [WATCHER]: .nx/cache/d/daemon.log was modified
[NX Daemon Server] - 2024-04-15T22:15:21.933Z - [WATCHER]: Processing file changes in outputs
[NX Daemon Server] - 2024-04-15T22:15:22.434Z - [WATCHER]: Processing file changes in outputs
[NX Daemon Server] - 2024-04-15T22:15:22.450Z - [WATCHER]: .nx/cache/d/daemon.log was modified
[NX Daemon Server] - 2024-04-15T22:15:22.779Z - [REQUEST]: Updated file-hasher based on watched changes, recomputing project graph...
[NX Daemon Server] - 2024-04-15T22:15:22.779Z - [REQUEST]: 13088659996779391398
[NX Daemon Server] - 2024-04-15T22:15:22.779Z - [REQUEST]: .nx/cache/file-map.json,.nx/cache/project-graph.json
[NX Daemon Server] - 2024-04-15T22:15:22.802Z - Time taken for 'hash changed files from watcher' 45.38929999999527ms
[NX Daemon Server] - 2024-04-15T22:15:22.952Z - [WATCHER]: Processing file changes in outputs
[NX Daemon Server] - 2024-04-15T22:15:22.952Z - [WATCHER]: 2 file(s) created or restored, 1 file(s) modified, 2 file(s) deleted
[NX Daemon Server] - 2024-04-15T22:15:23.455Z - [WATCHER]: Processing file changes in outputs
[NX Daemon Server] - 2024-04-15T22:15:23.456Z - [WATCHER]: .nx/cache/d/daemon.log was modified
[NX Daemon Server] - 2024-04-15T22:15:23.978Z - [WATCHER]: .nx/cache/d/daemon.log was modified
[NX Daemon Server] - 2024-04-15T22:15:23.978Z - [WATCHER]: Processing file changes in outputs
[NX Daemon Server] - 2024-04-15T22:15:24.494Z - [WATCHER]: .nx/cache/d/daemon.log was modified
[NX Daemon Server] - 2024-04-15T22:15:24.494Z - [WATCHER]: Processing file changes in outputs
[NX Daemon Server] - 2024-04-15T22:15:24.996Z - [WATCHER]: Processing file changes in outputs
[NX Daemon Server] - 2024-04-15T22:15:24.997Z - [WATCHER]: .nx/cache/d/daemon.log was modified
[NX Daemon Server] - 2024-04-15T22:15:25.498Z - [WATCHER]: Processing file changes in outputs
[NX Daemon Server] - 2024-04-15T22:15:25.499Z - [WATCHER]: .nx/cache/d/daemon.log was modified
[NX Daemon Server] - 2024-04-15T22:15:26.001Z - [WATCHER]: .nx/cache/d/daemon.log was modified
[NX Daemon Server] - 2024-04-15T22:15:26.001Z - [WATCHER]: Processing file changes in outputs
[NX Daemon Server] - 2024-04-15T22:15:26.503Z - [WATCHER]: Processing file changes in outputs
[NX Daemon Server] - 2024-04-15T22:15:26.504Z - [WATCHER]: .nx/cache/d/daemon.log was modified
[NX Daemon Server] - 2024-04-15T22:15:27.006Z - [WATCHER]: .nx/cache/d/daemon.log was modified
[NX Daemon Server] - 2024-04-15T22:15:27.006Z - [WATCHER]: Processing file changes in outputs
[NX Daemon Server] - 2024-04-15T22:15:27.509Z - [WATCHER]: Processing file changes in outputs
[NX Daemon Server] - 2024-04-15T22:15:27.509Z - [WATCHER]: .nx/cache/d/daemon.log was modified
[NX Daemon Server] - 2024-04-15T22:15:28.027Z - [WATCHER]: .nx/cache/d/daemon.log was modified
[NX Daemon Server] - 2024-04-15T22:15:28.027Z - [WATCHER]: Processing file changes in outputs
[NX Daemon Server] - 2024-04-15T22:15:28.543Z - [WATCHER]: Processing file changes in outputs
[NX Daemon Server] - 2024-04-15T22:15:28.544Z - [WATCHER]: .nx/cache/d/daemon.log was modified
[NX Daemon Server] - 2024-04-15T22:15:29.047Z - [WATCHER]: .nx/cache/d/daemon.log was modified
[NX Daemon Server] - 2024-04-15T22:15:29.047Z - [WATCHER]: Processing file changes in outputs
[NX Daemon Server] - 2024-04-15T22:15:29.436Z - [REQUEST]: Updated file-hasher based on watched changes, recomputing project graph...
[NX Daemon Server] - 2024-04-15T22:15:29.436Z - [REQUEST]: 3404144472498186865
[NX Daemon Server] - 2024-04-15T22:15:29.436Z - [REQUEST]: .nx/cache/project-graph.json,.nx/cache/file-map.json
[NX Daemon Server] - 2024-04-15T22:15:29.461Z - Time taken for 'hash changed files from watcher' 41.3153999999995ms
[NX Daemon Server] - 2024-04-15T22:15:29.561Z - [WATCHER]: 2 file(s) created or restored, 1 file(s) modified, 2 file(s) deleted
[NX Daemon Server] - 2024-04-15T22:15:29.561Z - [WATCHER]: Processing file changes in outputs
[NX Daemon Server] - 2024-04-15T22:15:30.064Z - [WATCHER]: .nx/cache/d/daemon.log was modified
[NX Daemon Server] - 2024-04-15T22:15:30.065Z - [WATCHER]: Processing file changes in outputs
[NX Daemon Server] - 2024-04-15T22:15:30.568Z - [WATCHER]: .nx/cache/d/daemon.log was modified
[NX Daemon Server] - 2024-04-15T22:15:30.568Z - [WATCHER]: Processing file changes in outputs
[NX Daemon Server] - 2024-04-15T22:15:31.070Z - [WATCHER]: .nx/cache/d/daemon.log was modified
[NX Daemon Server] - 2024-04-15T22:15:31.070Z - [WATCHER]: Processing file changes in outputs
[NX Daemon Server] - 2024-04-15T22:15:31.585Z - [WATCHER]: .nx/cache/d/daemon.log was modified
[NX Daemon Server] - 2024-04-15T22:15:31.585Z - [WATCHER]: Processing file changes in outputs
[NX Daemon Server] - 2024-04-15T22:15:32.088Z - [WATCHER]: Processing file changes in outputs
[NX Daemon Server] - 2024-04-15T22:15:32.089Z - [WATCHER]: .nx/cache/d/daemon.log was modified
[NX Daemon Server] - 2024-04-15T22:15:32.603Z - [WATCHER]: .nx/cache/d/daemon.log was modified
[NX Daemon Server] - 2024-04-15T22:15:32.603Z - [WATCHER]: Processing file changes in outputs
[NX Daemon Server] - 2024-04-15T22:15:33.119Z - [WATCHER]: Processing file changes in outputs
[NX Daemon Server] - 2024-04-15T22:15:33.119Z - [WATCHER]: .nx/cache/d/daemon.log was modified
[NX Daemon Server] - 2024-04-15T22:15:33.625Z - [WATCHER]: .nx/cache/d/daemon.log was modified
[NX Daemon Server] - 2024-04-15T22:15:33.625Z - [WATCHER]: Processing file changes in outputs
[NX Daemon Server] - 2024-04-15T22:15:34.140Z - [WATCHER]: .nx/cache/d/daemon.log was modified
[NX Daemon Server] - 2024-04-15T22:15:34.140Z - [WATCHER]: Processing file changes in outputs
[NX Daemon Server] - 2024-04-15T22:15:34.654Z - [WATCHER]: Processing file changes in outputs
[NX Daemon Server] - 2024-04-15T22:15:34.655Z - [WATCHER]: .nx/cache/d/daemon.log was modified
[NX Daemon Server] - 2024-04-15T22:15:35.170Z - [WATCHER]: .nx/cache/d/daemon.log was modified
[NX Daemon Server] - 2024-04-15T22:15:35.170Z - [WATCHER]: Processing file changes in outputs
[NX Daemon Server] - 2024-04-15T22:15:35.673Z - [WATCHER]: Processing file changes in outputs
[NX Daemon Server] - 2024-04-15T22:15:35.674Z - [WATCHER]: .nx/cache/d/daemon.log was modified
[NX Daemon Server] - 2024-04-15T22:15:36.050Z - [REQUEST]: Updated file-hasher based on watched changes, recomputing project graph...
[NX Daemon Server] - 2024-04-15T22:15:36.050Z - [REQUEST]: 6421164041862471951
[NX Daemon Server] - 2024-04-15T22:15:36.050Z - [REQUEST]: .nx/cache/project-graph.json,.nx/cache/file-map.json
[NX Daemon Server] - 2024-04-15T22:15:36.076Z - Time taken for 'hash changed files from watcher' 43.10540000000037ms
[NX Daemon Server] - 2024-04-15T22:15:36.191Z - [WATCHER]: 2 file(s) created or restored, 1 file(s) modified, 2 file(s) deleted
[NX Daemon Server] - 2024-04-15T22:15:36.191Z - [WATCHER]: Processing file changes in outputs
[NX Daemon Server] - 2024-04-15T22:15:36.704Z - [WATCHER]: .nx/cache/d/daemon.log was modified
[NX Daemon Server] - 2024-04-15T22:15:36.704Z - [WATCHER]: Processing file changes in outputs
[NX Daemon Server] - 2024-04-15T22:15:37.220Z - [WATCHER]: .nx/cache/d/daemon.log was modified
[NX Daemon Server] - 2024-04-15T22:15:37.221Z - [WATCHER]: Processing file changes in outputs
[NX Daemon Server] - 2024-04-15T22:15:37.736Z - [WATCHER]: .nx/cache/d/daemon.log was modified
[NX Daemon Server] - 2024-04-15T22:15:37.737Z - [WATCHER]: Processing file changes in outputs
[NX Daemon Server] - 2024-04-15T22:15:38.237Z - [WATCHER]: Processing file changes in outputs
[NX Daemon Server] - 2024-04-15T22:15:38.238Z - [WATCHER]: .nx/cache/d/daemon.log was modified
[NX Daemon Server] - 2024-04-15T22:15:38.739Z - [WATCHER]: Processing file changes in outputs
[NX Daemon Server] - 2024-04-15T22:15:38.740Z - [WATCHER]: .nx/cache/d/daemon.log was modified
[NX Daemon Server] - 2024-04-15T22:15:39.242Z - [WATCHER]: .nx/cache/d/daemon.log was modified
[NX Daemon Server] - 2024-04-15T22:15:39.243Z - [WATCHER]: Processing file changes in outputs
[NX Daemon Server] - 2024-04-15T22:15:39.756Z - [WATCHER]: Processing file changes in outputs
[NX Daemon Server] - 2024-04-15T22:15:39.757Z - [WATCHER]: .nx/cache/d/daemon.log was modified
[NX Daemon Server] - 2024-04-15T22:15:40.271Z - [WATCHER]: Processing file changes in outputs
[NX Daemon Server] - 2024-04-15T22:15:40.272Z - [WATCHER]: .nx/cache/d/daemon.log was modified
[NX Daemon Server] - 2024-04-15T22:15:40.788Z - [WATCHER]: Processing file changes in outputs
[NX Daemon Server] - 2024-04-15T22:15:40.789Z - [WATCHER]: .nx/cache/d/daemon.log was modified
[NX Daemon Server] - 2024-04-15T22:15:41.302Z - [WATCHER]: .nx/cache/d/daemon.log was modified
[NX Daemon Server] - 2024-04-15T22:15:41.302Z - [WATCHER]: Processing file changes in outputs
[NX Daemon Server] - 2024-04-15T22:15:41.818Z - [WATCHER]: Processing file changes in outputs
[NX Daemon Server] - 2024-04-15T22:15:41.819Z - [WATCHER]: .nx/cache/d/daemon.log was modified
[NX Daemon Server] - 2024-04-15T22:15:42.322Z - [WATCHER]: Processing file changes in outputs
[NX Daemon Server] - 2024-04-15T22:15:42.323Z - [WATCHER]: .nx/cache/d/daemon.log was modified
[NX Daemon Server] - 2024-04-15T22:15:42.695Z - [REQUEST]: Updated file-hasher based on watched changes, recomputing project graph...
[NX Daemon Server] - 2024-04-15T22:15:42.695Z - [REQUEST]: 9198763278128078243
[NX Daemon Server] - 2024-04-15T22:15:42.695Z - [REQUEST]: .nx/cache/project-graph.json,.nx/cache/file-map.json
[NX Daemon Server] - 2024-04-15T22:15:42.720Z - Time taken for 'hash changed files from watcher' 43.54040000000532ms
[NX Daemon Server] - 2024-04-15T22:15:42.835Z - [WATCHER]: Processing file changes in outputs
[NX Daemon Server] - 2024-04-15T22:15:42.836Z - [WATCHER]: 2 file(s) created or restored, 1 file(s) modified, 2 file(s) deleted
[NX Daemon Server] - 2024-04-15T22:15:43.350Z - [WATCHER]: .nx/cache/d/daemon.log was modified
[NX Daemon Server] - 2024-04-15T22:15:43.351Z - [WATCHER]: Processing file changes in outputs
[NX Daemon Server] - 2024-04-15T22:15:43.856Z - [WATCHER]: .nx/cache/d/daemon.log was modified
[NX Daemon Server] - 2024-04-15T22:15:43.856Z - [WATCHER]: Processing file changes in outputs
[NX Daemon Server] - 2024-04-15T22:15:44.374Z - [WATCHER]: .nx/cache/d/daemon.log was modified
[NX Daemon Server] - 2024-04-15T22:15:44.374Z - [WATCHER]: Processing file changes in outputs
[NX Daemon Server] - 2024-04-15T22:15:44.877Z - [WATCHER]: .nx/cache/d/daemon.log was modified
[NX Daemon Server] - 2024-04-15T22:15:44.877Z - [WATCHER]: Processing file changes in outputs
[NX Daemon Server] - 2024-04-15T22:15:45.393Z - [WATCHER]: Processing file changes in outputs
[NX Daemon Server] - 2024-04-15T22:15:45.394Z - [WATCHER]: .nx/cache/d/daemon.log was modified
[NX Daemon Server] - 2024-04-15T22:15:45.895Z - [WATCHER]: Processing file changes in outputs
[NX Daemon Server] - 2024-04-15T22:15:45.895Z - [WATCHER]: .nx/cache/d/daemon.log was modified
[NX Daemon Server] - 2024-04-15T22:15:46.401Z - [WATCHER]: .nx/cache/d/daemon.log was modified
[NX Daemon Server] - 2024-04-15T22:15:46.402Z - [WATCHER]: Processing file changes in outputs
[NX Daemon Server] - 2024-04-15T22:15:46.905Z - [WATCHER]: .nx/cache/d/daemon.log was modified
[NX Daemon Server] - 2024-04-15T22:15:46.906Z - [WATCHER]: Processing file changes in outputs
[NX Daemon Server] - 2024-04-15T22:15:47.422Z - [WATCHER]: Processing file changes in outputs
[NX Daemon Server] - 2024-04-15T22:15:47.422Z - [WATCHER]: .nx/cache/d/daemon.log was modified
